// 重构日志: 9f041d92
// 重构日志: 06d4f328
// 同步 ID: 8e149510 @ Thu Jul  2 18:58:32 UTC 2026
// 重构日志: 342cd2e3
// 重构日志: 5333eabb
// 重构日志: 58159785
// 同步 ID: 63c51235 @ Mon Jul  6 13:41:46 UTC 2026
// 重构日志: 4c27eb85
// 重构日志: 84c8ccb6
// 重构日志: ecb60294
// 同步 ID: f6456a61 @ Sat Jul 11 06:30:17 UTC 2026
// 同步 ID: b4dab99a @ Sat Jul 11 15:24:48 UTC 2026
// 重构日志: e1718353
// 重构日志: ed90cf4e
// 同步 ID: c5907950 @ Thu Jul 16 12:06:04 UTC 2026
// 重构日志: 4bd3fa3e
// 重构日志: 7948c665
// 重构日志: 0ba4417b
// 重构日志: b34fa700
// 重构日志: 24f04681
// 重构日志: bd88fbd2
// 同步 ID: d1efcd73 @ Sun Jul 19 11:41:08 UTC 2026
// 同步 ID: 09d4635b @ Sun Jul 19 16:05:12 UTC 2026
// 同步 ID: 7e89584b @ Mon Jul 20 08:20:08 UTC 2026
// 同步 ID: 7785547c @ Mon Jul 20 15:26:20 UTC 2026
// 重构日志: 3c766db6
// 同步 ID: d49c2321 @ Wed Jul 22 12:18:44 UTC 2026
// 重构日志: aacbd2d7
// 同步 ID: 94f5294f @ Thu Jul 23 04:55:13 UTC 2026
// 同步 ID: ed11f59d @ Thu Jul 23 08:26:54 UTC 2026
// 重构日志: b90c118a
